Tue, Dec 23, 2025 11:43:37 AM - Sofia - LOW RISK
Tue, Dec 23, 2025 11:43:37 AM - Username - LOW RISK
Tue, Dec 23, 2025 11:43:37 AM - David - LOW RISK
Tue, Dec 23, 2025 11:43:37 AM - Erik - LOW RISK
Tue, Dec 23, 2025 11:43:37 AM - Anna - LOW RISK
Tue, Dec 23, 2025 11:43:37 AM - Analys slutförd.
Tue, Dec 23, 2025 12:26:58 PM - Sofia - LOW RISK
Tue, Dec 23, 2025 12:26:58 PM - Jonas - LOW RISK
Tue, Dec 23, 2025 12:26:58 PM - David - LOW RISK
Tue, Dec 23, 2025 12:26:58 PM - Erik - LOW RISK
Tue, Dec 23, 2025 12:26:58 PM - Anna - LOW RISK
Tue, Dec 23, 2025 12:26:58 PM - Analys slutförd.
Tue, Dec 23, 2025 12:54:37 PM - Sofia - LOW RISK
Tue, Dec 23, 2025 12:54:37 PM - Jonas - LOW RISK
Tue, Dec 23, 2025 12:54:37 PM - David - LOW RISK
Tue, Dec 23, 2025 12:54:37 PM - Erik - LOW RISK
Tue, Dec 23, 2025 12:54:37 PM - Anna - LOW RISK
Tue, Dec 23, 2025 12:54:37 PM - Analys slutförd.
2025-12-23 12:54:56 - Sofia - LOW RISK
2025-12-23 12:54:56 - Jonas - LOW RISK
2025-12-23 12:54:56 - David - LOW RISK
2025-12-23 12:54:56 - Erik - LOW RISK
2025-12-23 12:54:56 - Anna - LOW RISK
2025-12-23 12:54:56 - Analys slutförd.
