2025-12-16 14:09:22 - VARNING: Processen 'ssh' körs inte.
2025-12-16 14:09:22 - VARNING: Processen 'cron' körs inte.
2025-12-16 14:09:22 - VARNING: Processen 'apache2' körs inte.
2025-12-16 14:09:22 - VARNING: Processen 'mysqld' körs inte.
2025-12-16 14:09:22 - VARNING: Processen 'chrome' körs inte.
2025-12-16 14:09:22 - Kontroller slutförda.
2025-12-16 14:09:56 - VARNING: Processen 'ssh' körs inte.
2025-12-16 14:09:56 - VARNING: Processen 'cron' körs inte.
2025-12-16 14:09:57 - VARNING: Processen 'apache2' körs inte.
2025-12-16 14:09:57 - VARNING: Processen 'mysqld' körs inte.
2025-12-16 14:09:57 - VARNING: Processen 'chrome' körs inte.
2025-12-16 14:09:57 - Kontroller slutförda.
2025-12-16 15:16:17 - VARNING: Processen 'ssh' körs inte.
2025-12-16 15:16:17 - VARNING: Processen 'cron' körs inte.
2025-12-16 15:16:17 - VARNING: Processen 'apache2' körs inte.
2025-12-16 15:16:17 - VARNING: Processen 'mysqld' körs inte.
2025-12-16 15:16:17 - VARNING: Processen 'chrome' körs inte.
2025-12-16 15:16:17 - Kontroller slutförda.
2025-12-16 15:41:10 - VARNING: Processen 'ssh' körs inte.
2025-12-16 15:41:10 - VARNING: Processen 'cron' körs inte.
2025-12-16 15:41:10 - VARNING: Processen 'apache2' körs inte.
2025-12-16 15:41:10 - VARNING: Processen 'mysqld' körs inte.
2025-12-16 15:41:10 - VARNING: Processen 'chrome' körs inte.
2025-12-16 15:41:10 - Kontroller slutförda.
2025-12-16 16:00:05 - VARNING: Processen 'ssh' körs inte.
2025-12-16 16:00:05 - VARNING: Processen 'cron' körs inte.
2025-12-16 16:00:05 - VARNING: Processen 'apache2' körs inte.
2025-12-16 16:00:05 - VARNING: Processen 'mysqld' körs inte.
2025-12-16 16:00:05 - VARNING: Processen 'chrome' körs inte.
2025-12-16 16:00:05 - Kontroller slutförda.
