Tue, Dec 23, 2025 11:01:09 AM - anna - OK
Tue, Dec 23, 2025 11:01:09 AM - erik - MEDIUM RISK (inaktiv > 90 dagar)
Tue, Dec 23, 2025 11:01:09 AM - david - HIGH RISK (inaktiv > 180 dagar)
Tue, Dec 23, 2025 11:01:09 AM - sofia - OK
Tue, Dec 23, 2025 11:01:09 AM - Analys slutförd.
Tue, Dec 23, 2025 11:03:00 AM - Anna - OK
Tue, Dec 23, 2025 11:03:00 AM - Erik - MEDIUM RISK (inaktiv > 90 dagar)
Tue, Dec 23, 2025 11:03:00 AM - David - HIGH RISK (inaktiv > 180 dagar)
Tue, Dec 23, 2025 11:03:00 AM - Sofia - OK
Tue, Dec 23, 2025 11:03:00 AM - Analys slutförd.
2025-12-23 11:05:05 - Anna - OK
2025-12-23 11:05:05 - Erik - MEDIUM RISK (inaktiv > 90 dagar)
2025-12-23 11:05:05 - David - HIGH RISK (inaktiv > 180 dagar)
2025-12-23 11:05:05 - Sofia - OK
2025-12-23 11:05:05 - Analys slutförd.
12/23/2025 11:08:30 -  - OK
12/23/2025 11:08:30 -  - OK
12/23/2025 11:08:30 -  - OK
12/23/2025 11:08:30 -  - OK
12/23/2025 11:08:30 - Analys slutförd.
12/23/2025 11:13:51 -  - OK
12/23/2025 11:13:51 -  - OK
12/23/2025 11:13:51 -  - OK
12/23/2025 11:13:51 -  - OK
12/23/2025 11:13:51 - Analys slutförd.
12/23/2025 11:16:20 - Anna - OK
12/23/2025 11:16:20 - Erik - MEDIUM RISK (inaktiv > 90 dagar)
12/23/2025 11:16:20 - David - KRITISK RISK (inaktiv > 180 dagar & disabled)
12/23/2025 11:16:20 - Sofia - OK
12/23/2025 11:16:20 - Jonas - KRITISK RISK (inaktiv > 180 dagar & disabled)
12/23/2025 11:16:20 - Analys slutförd.
2025-12-23 12:02:48 - Anna - OK
2025-12-23 12:02:48 - Erik - OK
2025-12-23 12:02:48 - David - OK
2025-12-23 12:02:48 - Sofia - OK
2025-12-23 12:02:49 - Analys slutförd.
2025-12-23 12:10:02 - Anna - OK
2025-12-23 12:10:02 - Erik - OK
2025-12-23 12:10:02 - David - OK
2025-12-23 12:10:02 - Sofia - OK
2025-12-23 12:10:02 - Analys slutförd.
2025-12-23 12:12:07 - Anna - OK
2025-12-23 12:12:07 - Erik - MEDIUM RISK (inaktiv > 90 dagar)
2025-12-23 12:12:07 - David - HIGH RISK (inaktiv > 180 dagar)
2025-12-23 12:12:07 - Sofia - OK
2025-12-23 12:12:07 - Jonas - HIGH RISK (inaktiv > 180 dagar)
2025-12-23 12:12:07 - Analys slutförd.
